<?xml version="1.0" encoding="UTF-8"?>
<!-- Generated by org.testng.reporters.JUnitReportReporter -->
<testsuite hostname="Jamalpc" failures="0" tests="1" name="tests.SuperTechHomePageTest" time="2.510" errors="0" timestamp="09 Jan 2019 17:02:10 GMT" skipped="0">
  <testcase classname="tests.SuperTechHomePageTest" name="SpTchHomePgTest1" time="2.510"/>
</testsuite> <!-- tests.SuperTechHomePageTest -->
